<?xml version="1.0" encoding="UTF-8"?>
<!-- Generated by org.testng.reporters.JUnitXMLReporter -->
<testsuite hostname="IMCBCP255-MSL2" ignored="0" name="BankFDInterest" tests="4" failures="3" timestamp="2020-08-11T17:45:51 IST" time="399.765" errors="0">
  <testcase name="test1" time="194.403" classname="com.kt.tests.BankTest">
    <skipped/>
  </testcase> <!-- test1 -->
  <testcase name="test1" time="60.231" classname="com.kt.tests.BankTest">
    <failure type="org.openqa.selenium.ElementClickInterceptedException" message="element click intercepted: Element &amp;lt;input _ngcontent-serverapp-c233=&amp;quot;&amp;quot; matinput=&amp;quot;&amp;quot; autocomplete=&amp;quot;off&amp;quot; readonly=&amp;quot;true&amp;quot; formcontrolname=&amp;quot;interestPayPlan&amp;quot; name=&amp;quot;interestPayPlan&amp;quot; class=&amp;quot;mat-input-element mat-form-field-autofill-control ieco-txt-inp ieco-inp cdk-text-field-autofill-monitored ng-untouched ng-pristine ng-valid&amp;quot; id=&amp;quot;mat-input-1&amp;quot; aria-invalid=&amp;quot;false&amp;quot; aria-required=&amp;quot;false&amp;quot;&amp;gt; is not clickable at point (468, 458). Other element would receive the click: &amp;lt;div _ngcontent-serverapp-c190=&amp;quot;&amp;quot; class=&amp;quot;ieco-overlay&amp;quot;&amp;gt;...&amp;lt;/div&amp;gt;
  (Session info: chrome=84.0.4147.105)
Build info: version: &amp;apos;3.12.0&amp;apos;, revision: &amp;apos;7c6e0b3&amp;apos;, time: &amp;apos;2018-05-08T14:04:26.12Z&amp;apos;
System info: host: &amp;apos;IMCBCP255-MSL2&amp;apos;, ip: &amp;apos;192.168.1.10&amp;apos;, os.name: &amp;apos;Windows 10&amp;apos;, os.arch: &amp;apos;amd64&amp;apos;, os.version: &amp;apos;10.0&amp;apos;, java.version: &amp;apos;1.8.0_221&amp;apos;
Driver info: org.openqa.selenium.chrome.ChromeDriver
Capabilities {acceptInsecureCerts: false, browserName: chrome, browserVersion: 84.0.4147.105, chrome: {chromedriverVersion: 84.0.4147.30 (48b3e868b4cc0..., userDataDir: C:\Users\sanjayt\AppData\Lo...}, goog:chromeOptions: {debuggerAddress: localhost:52229}, javascriptEnabled: true, networkConnectionEnabled: false, pageLoadStrategy: normal, platform: WINDOWS, platformName: WINDOWS, proxy: Proxy(), setWindowRect: true, strictFileInteractability: false, timeouts: {implicit: 0, pageLoad: 300000, script: 30000}, unhandledPromptBehavior: dismiss and notify, webauthn:virtualAuthenticators: true}
Session ID: f61502d16014a0fd213866ed534a128d">
      <![CDATA[org.openqa.selenium.ElementClickInterceptedException: element click intercepted: Element <input _ngcontent-serverapp-c233="" matinput="" autocomplete="off" readonly="true" formcontrolname="interestPayPlan" name="interestPayPlan" class="mat-input-element mat-form-field-autofill-control ieco-txt-inp ieco-inp cdk-text-field-autofill-monitored ng-untouched ng-pristine ng-valid" id="mat-input-1" aria-invalid="false" aria-required="false"> is not clickable at point (468, 458). Other element would receive the click: <div _ngcontent-serverapp-c190="" class="ieco-overlay">...</div>
  (Session info: chrome=84.0.4147.105)
Build info: version: '3.12.0', revision: '7c6e0b3', time: '2018-05-08T14:04:26.12Z'
System info: host: 'IMCBCP255-MSL2', ip: '192.168.1.10', os.name: 'Windows 10', os.arch: 'amd64', os.version: '10.0', java.version: '1.8.0_221'
Driver info: org.openqa.selenium.chrome.ChromeDriver
Capabilities {acceptInsecureCerts: false, browserName: chrome, browserVersion: 84.0.4147.105, chrome: {chromedriverVersion: 84.0.4147.30 (48b3e868b4cc0..., userDataDir: C:\Users\sanjayt\AppData\Lo...}, goog:chromeOptions: {debuggerAddress: localhost:52229}, javascriptEnabled: true, networkConnectionEnabled: false, pageLoadStrategy: normal, platform: WINDOWS, platformName: WINDOWS, proxy: Proxy(), setWindowRect: true, strictFileInteractability: false, timeouts: {implicit: 0, pageLoad: 300000, script: 30000}, unhandledPromptBehavior: dismiss and notify, webauthn:virtualAuthenticators: true}
Session ID: f61502d16014a0fd213866ed534a128d
at org.openqa.selenium.remote.http.W3CHttpResponseCodec.createException(W3CHttpResponseCodec.java:187)
at org.openqa.selenium.remote.http.W3CHttpResponseCodec.decode(W3CHttpResponseCodec.java:122)
at org.openqa.selenium.remote.http.W3CHttpResponseCodec.decode(W3CHttpResponseCodec.java:49)
at org.openqa.selenium.remote.HttpCommandExecutor.execute(HttpCommandExecutor.java:158)
at org.openqa.selenium.remote.service.DriverCommandExecutor.execute(DriverCommandExecutor.java:83)
at org.openqa.selenium.remote.RemoteWebDriver.execute(RemoteWebDriver.java:543)
at org.openqa.selenium.remote.RemoteWebElement.execute(RemoteWebElement.java:276)
at org.openqa.selenium.remote.RemoteWebElement.click(RemoteWebElement.java:83)
at org.openqa.selenium.support.pagefactory.internal.LocatingElementHandler.invoke(LocatingElementHandler.java:51)
at com.sun.proxy.$Proxy8.click(Unknown Source)
at com.kt.tests.BankTest.addDuration(BankTest.java:180)
at com.kt.tests.BankTest.test1(BankTest.java:54)
at java.util.ArrayList.forEach(Unknown Source)
... Removed 35 stack frames]]>
    </failure>
  </testcase> <!-- test1 -->
  <testcase name="test1" time="69.86" classname="com.kt.tests.BankTest">
    <failure type="java.lang.AssertionError" message="expected [2700.0] but found [2,188]">
      <![CDATA[java.lang.AssertionError: expected [2700.0] but found [2,188]
at com.kt.tests.BankTest.test1(BankTest.java:59)
at java.util.ArrayList.forEach(Unknown Source)
... Removed 32 stack frames]]>
    </failure>
  </testcase> <!-- test1 -->
  <testcase name="test1" time="66.337" classname="com.kt.tests.BankTest">
    <failure type="java.lang.AssertionError" message="expected [1790.0] but found [1,541]">
      <![CDATA[java.lang.AssertionError: expected [1790.0] but found [1,541]
at com.kt.tests.BankTest.test1(BankTest.java:59)
at java.util.ArrayList.forEach(Unknown Source)
... Removed 32 stack frames]]>
    </failure>
  </testcase> <!-- test1 -->
</testsuite> <!-- BankFDInterest -->
